<?xml version="1.0" encoding="UTF-8"?>
<testng-results skipped="0" failed="0" ignored="0" total="2" passed="2">
  <reporter-output>
    <line>
      <![CDATA[<br>Verification failure : expected [https://event.on24.com/eventRegistration/EventLobbyServlet?target=reg30.jsp&partnerref=DC&eventid=2306191&sessionid=1&key=04FB4597ACF608DF050936D31AE35101&regTag=&sourcepage=register] but found [https://www.cognizant.com/]<br>]]>
    </line>
    <line>
      <![CDATA[<a target="_blank" href=Thu_May_07_12_20_14_EDT_2020.jpg><img src=Thu_May_07_12_20_14_EDT_2020.jpg height=200 width=200></img></a>]]>
    </line>
    <line>
      <![CDATA[<br>]]>
    </line>
    <line>
      <![CDATA[<br>]]>
    </line>
  </reporter-output>
  <suite name="Cognizant" duration-ms="16474" started-at="2020-05-07T16:19:58Z" finished-at="2020-05-07T16:20:14Z">
    <groups>
    </groups>
    <test name="SimpleLinksTest" duration-ms="9775" started-at="2020-05-07T16:19:58Z" finished-at="2020-05-07T16:20:07Z">
      <class name="com.cognizant.testcases.SimpleLinksTest">
        <test-method status="PASS" signature="readSettings(java.lang.String, java.lang.String, java.lang.String, java.lang.String, java.lang.String)[pri:0, instance:com.cognizant.testcases.SimpleLinksTest@6a4f1a55]" name="readSettings" is-config="true" duration-ms="10" started-at="2020-05-07T12:19:58Z" finished-at="2020-05-07T12:19:58Z">
          <params>
            <param index="0">
              <value is-null="true"/>
            </param>
            <param index="1">
              <value is-null="true"/>
            </param>
            <param index="2">
              <value is-null="true"/>
            </param>
            <param index="3">
              <value is-null="true"/>
            </param>
            <param index="4">
              <value is-null="true"/>
            </param>
          </params>
          <reporter-output>
          </reporter-output>
        </test-method> <!-- readSettings -->
        <test-method status="PASS" signature="setup()[pri:0, instance:com.cognizant.testcases.SimpleLinksTest@6a4f1a55]" name="setup" is-config="true" duration-ms="2300" started-at="2020-05-07T12:19:58Z" finished-at="2020-05-07T12:20:00Z">
          <reporter-output>
          </reporter-output>
        </test-method> <!-- setup -->
        <test-method status="PASS" signature="validateLink()[pri:0, instance:com.cognizant.testcases.SimpleLinksTest@6a4f1a55]" name="validateLink" duration-ms="6823" started-at="2020-05-07T12:20:00Z" finished-at="2020-05-07T12:20:07Z">
          <reporter-output>
          </reporter-output>
        </test-method> <!-- validateLink -->
        <test-method status="PASS" signature="tearDown()[pri:0, instance:com.cognizant.testcases.SimpleLinksTest@6a4f1a55]" name="tearDown" is-config="true" duration-ms="207" started-at="2020-05-07T12:20:07Z" finished-at="2020-05-07T12:20:07Z">
          <reporter-output>
          </reporter-output>
        </test-method> <!-- tearDown -->
      </class> <!-- com.cognizant.testcases.SimpleLinksTest -->
    </test> <!-- SimpleLinksTest -->
    <test name="NoJSLinksTest" duration-ms="6684" started-at="2020-05-07T16:20:07Z" finished-at="2020-05-07T16:20:14Z">
      <class name="com.cognizant.testcases.NoJSLinksTest">
        <test-method status="PASS" signature="readSettings(java.lang.String, java.lang.String, java.lang.String, java.lang.String, java.lang.String)[pri:0, instance:com.cognizant.testcases.NoJSLinksTest@465232e9]" name="readSettings" is-config="true" duration-ms="1" started-at="2020-05-07T12:20:07Z" finished-at="2020-05-07T12:20:07Z">
          <params>
            <param index="0">
              <value is-null="true"/>
            </param>
            <param index="1">
              <value is-null="true"/>
            </param>
            <param index="2">
              <value is-null="true"/>
            </param>
            <param index="3">
              <value is-null="true"/>
            </param>
            <param index="4">
              <value is-null="true"/>
            </param>
          </params>
          <reporter-output>
          </reporter-output>
        </test-method> <!-- readSettings -->
        <test-method status="PASS" signature="setup()[pri:0, instance:com.cognizant.testcases.NoJSLinksTest@465232e9]" name="setup" is-config="true" duration-ms="1481" started-at="2020-05-07T12:20:07Z" finished-at="2020-05-07T12:20:09Z">
          <reporter-output>
          </reporter-output>
        </test-method> <!-- setup -->
        <test-method status="PASS" signature="validateLinkNoJS()[pri:0, instance:com.cognizant.testcases.NoJSLinksTest@465232e9]" name="validateLinkNoJS" duration-ms="4918" started-at="2020-05-07T12:20:09Z" finished-at="2020-05-07T12:20:14Z">
          <reporter-output>
            <line>
              <![CDATA[<br>Verification failure : expected [https://event.on24.com/eventRegistration/EventLobbyServlet?target=reg30.jsp&partnerref=DC&eventid=2306191&sessionid=1&key=04FB4597ACF608DF050936D31AE35101&regTag=&sourcepage=register] but found [https://www.cognizant.com/]<br>]]>
            </line>
            <line>
              <![CDATA[<a target="_blank" href=Thu_May_07_12_20_14_EDT_2020.jpg><img src=Thu_May_07_12_20_14_EDT_2020.jpg height=200 width=200></img></a>]]>
            </line>
            <line>
              <![CDATA[<br>]]>
            </line>
            <line>
              <![CDATA[<br>]]>
            </line>
          </reporter-output>
        </test-method> <!-- validateLinkNoJS -->
        <test-method status="PASS" signature="tearDown()[pri:0, instance:com.cognizant.testcases.NoJSLinksTest@465232e9]" name="tearDown" is-config="true" duration-ms="200" started-at="2020-05-07T12:20:14Z" finished-at="2020-05-07T12:20:14Z">
          <reporter-output>
          </reporter-output>
        </test-method> <!-- tearDown -->
      </class> <!-- com.cognizant.testcases.NoJSLinksTest -->
    </test> <!-- NoJSLinksTest -->
  </suite> <!-- Cognizant -->
</testng-results>
