<?xml version="1.0" encoding="UTF-8"?>
<testng-results skipped="1" failed="0" ignored="0" total="2" passed="1">
  <reporter-output>
  </reporter-output>
  <suite name="Cognizant" duration-ms="25813" started-at="2020-05-11T17:08:28Z" finished-at="2020-05-11T17:08:54Z">
    <groups>
    </groups>
    <test name="SimpleLinksTest" duration-ms="22209" started-at="2020-05-11T17:08:28Z" finished-at="2020-05-11T17:08:50Z">
      <class name="com.cognizant.testcases.SimpleLinksTest">
        <test-method status="PASS" signature="readSettings(java.lang.String, java.lang.String, java.lang.String, java.lang.String, java.lang.String)[pri:0, instance:com.cognizant.testcases.SimpleLinksTest@6a4f1a55]" name="readSettings" is-config="true" duration-ms="14" started-at="2020-05-11T13:08:28Z" finished-at="2020-05-11T13:08:28Z">
          <params>
            <param index="0">
              <value is-null="true"/>
            </param>
            <param index="1">
              <value is-null="true"/>
            </param>
            <param index="2">
              <value is-null="true"/>
            </param>
            <param index="3">
              <value is-null="true"/>
            </param>
            <param index="4">
              <value is-null="true"/>
            </param>
          </params>
          <reporter-output>
          </reporter-output>
        </test-method> <!-- readSettings -->
        <test-method status="PASS" signature="setup()[pri:0, instance:com.cognizant.testcases.SimpleLinksTest@6a4f1a55]" name="setup" is-config="true" duration-ms="5986" started-at="2020-05-11T13:08:28Z" finished-at="2020-05-11T13:08:34Z">
          <reporter-output>
          </reporter-output>
        </test-method> <!-- setup -->
        <test-method status="PASS" signature="validateLink()[pri:0, instance:com.cognizant.testcases.SimpleLinksTest@6a4f1a55]" name="validateLink" duration-ms="15104" started-at="2020-05-11T13:08:34Z" finished-at="2020-05-11T13:08:49Z">
          <reporter-output>
          </reporter-output>
        </test-method> <!-- validateLink -->
        <test-method status="PASS" signature="tearDown()[pri:0, instance:com.cognizant.testcases.SimpleLinksTest@6a4f1a55]" name="tearDown" is-config="true" duration-ms="355" started-at="2020-05-11T13:08:50Z" finished-at="2020-05-11T13:08:50Z">
          <reporter-output>
          </reporter-output>
        </test-method> <!-- tearDown -->
      </class> <!-- com.cognizant.testcases.SimpleLinksTest -->
    </test> <!-- SimpleLinksTest -->
    <test name="NoJSLinksTest" duration-ms="3578" started-at="2020-05-11T17:08:50Z" finished-at="2020-05-11T17:08:54Z">
      <class name="com.cognizant.testcases.NoJSLinksTest">
        <test-method status="PASS" signature="readSettings(java.lang.String, java.lang.String, java.lang.String, java.lang.String, java.lang.String)[pri:0, instance:com.cognizant.testcases.NoJSLinksTest@465232e9]" name="readSettings" is-config="true" duration-ms="4" started-at="2020-05-11T13:08:50Z" finished-at="2020-05-11T13:08:50Z">
          <params>
            <param index="0">
              <value is-null="true"/>
            </param>
            <param index="1">
              <value is-null="true"/>
            </param>
            <param index="2">
              <value is-null="true"/>
            </param>
            <param index="3">
              <value is-null="true"/>
            </param>
            <param index="4">
              <value is-null="true"/>
            </param>
          </params>
          <reporter-output>
          </reporter-output>
        </test-method> <!-- readSettings -->
        <test-method status="PASS" signature="setup()[pri:0, instance:com.cognizant.testcases.NoJSLinksTest@465232e9]" name="setup" is-config="true" duration-ms="3184" started-at="2020-05-11T13:08:50Z" finished-at="2020-05-11T13:08:54Z">
          <reporter-output>
          </reporter-output>
        </test-method> <!-- setup -->
        <test-method status="SKIP" signature="validateLinkNoJS()[pri:0, instance:com.cognizant.testcases.NoJSLinksTest@465232e9]" name="validateLinkNoJS" duration-ms="3" started-at="2020-05-11T13:08:54Z" finished-at="2020-05-11T13:08:54Z">
          <exception class="org.testng.SkipException">
            <message>
              <![CDATA[Skipping the test OPENACCOUNTTESTas the Run mode is NO]]>
            </message>
            <full-stacktrace>
              <![CDATA[org.testng.SkipException: Skipping the test OPENACCOUNTTESTas the Run mode is NO
	at com.cognizant.testcases.NoJSLinksTest.validateLinkNoJS(NoJSLinksTest.java:18)
	at sun.reflect.NativeMethodAccessorImpl.invoke0(Native Method)
	at sun.reflect.NativeMethodAccessorImpl.invoke(NativeMethodAccessorImpl.java:62)
	at sun.reflect.DelegatingMethodAccessorImpl.invoke(DelegatingMethodAccessorImpl.java:43)
	at java.lang.reflect.Method.invoke(Method.java:498)
	at org.testng.internal.MethodInvocationHelper.invokeMethod(MethodInvocationHelper.java:108)
	at org.testng.internal.Invoker.invokeMethod(Invoker.java:661)
	at org.testng.internal.Invoker.invokeTestMethod(Invoker.java:869)
	at org.testng.internal.Invoker.invokeTestMethods(Invoker.java:1193)
	at org.testng.internal.TestMethodWorker.invokeTestMethods(TestMethodWorker.java:126)
	at org.testng.internal.TestMethodWorker.run(TestMethodWorker.java:109)
	at org.testng.TestRunner.privateRun(TestRunner.java:744)
	at org.testng.TestRunner.run(TestRunner.java:602)
	at org.testng.SuiteRunner.runTest(SuiteRunner.java:380)
	at org.testng.SuiteRunner.runSequentially(SuiteRunner.java:375)
	at org.testng.SuiteRunner.privateRun(SuiteRunner.java:340)
	at org.testng.SuiteRunner.run(SuiteRunner.java:289)
	at org.testng.SuiteRunnerWorker.runSuite(SuiteRunnerWorker.java:52)
	at org.testng.SuiteRunnerWorker.run(SuiteRunnerWorker.java:86)
	at org.testng.TestNG.runSuitesSequentially(TestNG.java:1301)
	at org.testng.TestNG.runSuitesLocally(TestNG.java:1226)
	at org.testng.TestNG.runSuites(TestNG.java:1144)
	at org.testng.TestNG.run(TestNG.java:1115)
	at org.testng.remote.AbstractRemoteTestNG.run(AbstractRemoteTestNG.java:115)
	at org.testng.remote.RemoteTestNG.initAndRun(RemoteTestNG.java:251)
	at org.testng.remote.RemoteTestNG.main(RemoteTestNG.java:77)
]]>
            </full-stacktrace>
          </exception> <!-- org.testng.SkipException -->
          <reporter-output>
          </reporter-output>
        </test-method> <!-- validateLinkNoJS -->
        <test-method status="PASS" signature="tearDown()[pri:0, instance:com.cognizant.testcases.NoJSLinksTest@465232e9]" name="tearDown" is-config="true" duration-ms="201" started-at="2020-05-11T13:08:54Z" finished-at="2020-05-11T13:08:54Z">
          <reporter-output>
          </reporter-output>
        </test-method> <!-- tearDown -->
      </class> <!-- com.cognizant.testcases.NoJSLinksTest -->
    </test> <!-- NoJSLinksTest -->
  </suite> <!-- Cognizant -->
</testng-results>
